[2026-06-20T11:25:36.138+0000] {local_task_job_runner.py:120} INFO - ::group::Pre task execution logs
[2026-06-20T11:25:36.158+0000] {taskinstance.py:2066} INFO - Dependencies not met for <TaskInstance: s3_to_kafka_dag.process_file manual__2026-06-20T11:18:42+00:00 map_index=0 [scheduled]>, dependency 'Task Instance State' FAILED: Task is in the 'scheduled' state.
[2026-06-20T11:25:36.159+0000] {local_task_job_runner.py:163} INFO - Task is not able to be run
[2026-06-20T11:26:31.194+0000] {local_task_job_runner.py:120} INFO - ::group::Pre task execution logs
[2026-06-20T11:26:31.209+0000] {taskinstance.py:2076} INFO - Dependencies all met for dep_context=non-requeueable deps ti=<TaskInstance: s3_to_kafka_dag.process_file manual__2026-06-20T11:18:42+00:00 map_index=0 [scheduled]>
[2026-06-20T11:26:31.209+0000] {taskinstance.py:2076} INFO - Dependencies all met for dep_context=requeueable deps ti=<TaskInstance: s3_to_kafka_dag.process_file manual__2026-06-20T11:18:42+00:00 map_index=0 [scheduled]>
[2026-06-20T11:26:31.210+0000] {taskinstance.py:2306} INFO - Starting attempt 1 of 4
[2026-06-20T11:26:31.210+0000] {taskinstance.py:2388} WARNING - cannot record queued_duration for task process_file because previous state change time has not been saved
[2026-06-20T11:26:31.216+0000] {taskinstance.py:2330} INFO - Executing <Mapped(_PythonDecoratedOperator): process_file> on 2026-06-20 11:18:42+00:00
[2026-06-20T11:26:31.219+0000] {standard_task_runner.py:64} INFO - Started process 2136 to run task
[2026-06-20T11:26:31.221+0000] {standard_task_runner.py:90} INFO - Running: ['***', 'tasks', 'run', 's3_to_kafka_dag', 'process_file', 'manual__2026-06-20T11:18:42+00:00', '--job-id', '6', '--raw', '--subdir', 'DAGS_FOLDER/s3_to_kafka_dag.py', '--cfg-path', '/tmp/tmp1t3lx7k_', '--map-index', '0']
[2026-06-20T11:26:31.222+0000] {standard_task_runner.py:91} INFO - Job 6: Subtask process_file
[2026-06-20T11:26:31.272+0000] {task_command.py:426} INFO - Running <TaskInstance: s3_to_kafka_dag.process_file manual__2026-06-20T11:18:42+00:00 map_index=0 [running]> on host 6a16ba6b28f7
[2026-06-20T11:26:31.335+0000] {taskinstance.py:2648} INFO - Exporting env vars: AIRFLOW_CTX_DAG_OWNER='rag-team' AIRFLOW_CTX_DAG_ID='s3_to_kafka_dag' AIRFLOW_CTX_TASK_ID='process_file' AIRFLOW_CTX_EXECUTION_DATE='2026-06-20T11:18:42+00:00' AIRFLOW_CTX_TRY_NUMBER='1' AIRFLOW_CTX_DAG_RUN_ID='manual__2026-06-20T11:18:42+00:00'
[2026-06-20T11:26:31.336+0000] {taskinstance.py:430} INFO - ::endgroup::
[2026-06-20T11:26:32.014+0000] {logging_mixin.py:188} INFO - 2026-06-20 11:26:32 [info     ] kafka_message_delivered        doc_id=37a97948-548c-4367-911b-878f09c01b5a offset=0 partition=2 topic=rag.documents.ingest
[2026-06-20T11:26:32.046+0000] {logging_mixin.py:188} INFO - 2026-06-20 11:26:32 [info     ] s3_object_moved                bucket=rag-docs dest_key=done/quarterly_report.txt__AcmeCorp__finance__20260618T120000.txt src_key=upload/quarterly_report.txt__AcmeCorp__finance__20260618T120000.txt
[2026-06-20T11:26:32.046+0000] {logging_mixin.py:188} INFO - 2026-06-20 11:26:32 [info     ] file_processed_success         doc_id=37a97948-548c-4367-911b-878f09c01b5a s3_key=upload/quarterly_report.txt__AcmeCorp__finance__20260618T120000.txt
[2026-06-20T11:26:32.048+0000] {python.py:237} INFO - Done. Returned value was: {'doc_id': '37a97948-548c-4367-911b-878f09c01b5a', 'status': 'published', 's3_key': 'upload/quarterly_report.txt__AcmeCorp__finance__20260618T120000.txt'}
[2026-06-20T11:26:32.048+0000] {taskinstance.py:441} INFO - ::group::Post task execution logs
[2026-06-20T11:26:32.099+0000] {taskinstance.py:1206} INFO - Marking task as SUCCESS. dag_id=s3_to_kafka_dag, task_id=process_file, run_id=manual__2026-06-20T11:18:42+00:00, map_index=0, execution_date=20260620T111842, start_date=20260620T112631, end_date=20260620T112632
[2026-06-20T11:26:32.155+0000] {local_task_job_runner.py:243} INFO - Task exited with return code 0
[2026-06-20T11:26:32.195+0000] {taskinstance.py:3503} INFO - 0 downstream tasks scheduled from follow-on schedule check
[2026-06-20T11:26:32.196+0000] {local_task_job_runner.py:222} INFO - ::endgroup::
