[2026-06-22T06:30:12.771+0000] {local_task_job_runner.py:120} INFO - ::group::Pre task execution logs
[2026-06-22T06:30:12.791+0000] {taskinstance.py:2076} INFO - Dependencies all met for dep_context=non-requeueable deps ti=<TaskInstance: s3_to_kafka_dag.list_new_files manual__2026-06-22T06:30:08+00:00 [queued]>
[2026-06-22T06:30:12.795+0000] {taskinstance.py:2076} INFO - Dependencies all met for dep_context=requeueable deps ti=<TaskInstance: s3_to_kafka_dag.list_new_files manual__2026-06-22T06:30:08+00:00 [queued]>
[2026-06-22T06:30:12.795+0000] {taskinstance.py:2306} INFO - Starting attempt 1 of 4
[2026-06-22T06:30:12.800+0000] {taskinstance.py:2330} INFO - Executing <Task(_PythonDecoratedOperator): list_new_files> on 2026-06-22 06:30:08+00:00
[2026-06-22T06:30:12.805+0000] {standard_task_runner.py:90} INFO - Running: ['***', 'tasks', 'run', 's3_to_kafka_dag', 'list_new_files', 'manual__2026-06-22T06:30:08+00:00', '--job-id', '20', '--raw', '--subdir', 'DAGS_FOLDER/s3_to_kafka_dag.py', '--cfg-path', '/tmp/tmpt6q9l0i7']
[2026-06-22T06:30:12.806+0000] {logging_mixin.py:188} WARNING - /home/***/.local/lib/python3.12/site-packages/***/task/task_runner/standard_task_runner.py:62 DeprecationWarning: This process (pid=5495) is multi-threaded, use of fork() may lead to deadlocks in the child.
[2026-06-22T06:30:12.807+0000] {standard_task_runner.py:91} INFO - Job 20: Subtask list_new_files
[2026-06-22T06:30:12.807+0000] {standard_task_runner.py:64} INFO - Started process 5496 to run task
[2026-06-22T06:30:12.841+0000] {task_command.py:426} INFO - Running <TaskInstance: s3_to_kafka_dag.list_new_files manual__2026-06-22T06:30:08+00:00 [running]> on host 6a16ba6b28f7
[2026-06-22T06:30:12.898+0000] {taskinstance.py:2648} INFO - Exporting env vars: AIRFLOW_CTX_DAG_OWNER='rag-team' AIRFLOW_CTX_DAG_ID='s3_to_kafka_dag' AIRFLOW_CTX_TASK_ID='list_new_files' AIRFLOW_CTX_EXECUTION_DATE='2026-06-22T06:30:08+00:00' AIRFLOW_CTX_TRY_NUMBER='1' AIRFLOW_CTX_DAG_RUN_ID='manual__2026-06-22T06:30:08+00:00'
[2026-06-22T06:30:12.898+0000] {taskinstance.py:430} INFO - ::endgroup::
[2026-06-22T06:30:13.054+0000] {logging_mixin.py:188} INFO - 2026-06-22 06:30:13 [info     ] files_discovered               count=0 dag_run_id=manual__2026-06-22T06:30:08+00:00
[2026-06-22T06:30:13.054+0000] {python.py:237} INFO - Done. Returned value was: []
[2026-06-22T06:30:13.055+0000] {taskinstance.py:441} INFO - ::group::Post task execution logs
[2026-06-22T06:30:13.076+0000] {taskinstance.py:1206} INFO - Marking task as SUCCESS. dag_id=s3_to_kafka_dag, task_id=list_new_files, run_id=manual__2026-06-22T06:30:08+00:00, execution_date=20260622T063008, start_date=20260622T063012, end_date=20260622T063013
[2026-06-22T06:30:13.114+0000] {local_task_job_runner.py:243} INFO - Task exited with return code 0
[2026-06-22T06:30:13.139+0000] {abstractoperator.py:588} INFO - Marking <TaskInstance: s3_to_kafka_dag.process_file manual__2026-06-22T06:30:08+00:00 [None]> as SKIPPED since the map has 0 values to expand
[2026-06-22T06:30:13.145+0000] {taskinstance.py:3503} INFO - 0 downstream tasks scheduled from follow-on schedule check
[2026-06-22T06:30:13.147+0000] {local_task_job_runner.py:222} INFO - ::endgroup::
