[2026-06-20T11:25:41.210+0000] {local_task_job_runner.py:120} INFO - ::group::Pre task execution logs
[2026-06-20T11:25:41.227+0000] {taskinstance.py:2066} INFO - Dependencies not met for <TaskInstance: s3_to_kafka_dag.process_file manual__2026-06-20T11:18:42+00:00 map_index=1 [scheduled]>, dependency 'Task Instance State' FAILED: Task is in the 'scheduled' state.
[2026-06-20T11:25:41.229+0000] {local_task_job_runner.py:163} INFO - Task is not able to be run
[2026-06-20T11:27:20.102+0000] {local_task_job_runner.py:120} INFO - ::group::Pre task execution logs
[2026-06-20T11:27:20.120+0000] {taskinstance.py:2076} INFO - Dependencies all met for dep_context=non-requeueable deps ti=<TaskInstance: s3_to_kafka_dag.process_file manual__2026-06-20T11:18:42+00:00 map_index=1 [scheduled]>
[2026-06-20T11:27:20.120+0000] {taskinstance.py:2076} INFO - Dependencies all met for dep_context=requeueable deps ti=<TaskInstance: s3_to_kafka_dag.process_file manual__2026-06-20T11:18:42+00:00 map_index=1 [scheduled]>
[2026-06-20T11:27:20.120+0000] {taskinstance.py:2306} INFO - Starting attempt 1 of 4
[2026-06-20T11:27:20.120+0000] {taskinstance.py:2388} WARNING - cannot record queued_duration for task process_file because previous state change time has not been saved
[2026-06-20T11:27:20.127+0000] {taskinstance.py:2330} INFO - Executing <Mapped(_PythonDecoratedOperator): process_file> on 2026-06-20 11:18:42+00:00
[2026-06-20T11:27:20.130+0000] {standard_task_runner.py:64} INFO - Started process 2165 to run task
[2026-06-20T11:27:20.132+0000] {standard_task_runner.py:90} INFO - Running: ['***', 'tasks', 'run', 's3_to_kafka_dag', 'process_file', 'manual__2026-06-20T11:18:42+00:00', '--job-id', '7', '--raw', '--subdir', 'DAGS_FOLDER/s3_to_kafka_dag.py', '--cfg-path', '/tmp/tmp8aosgrb8', '--map-index', '1']
[2026-06-20T11:27:20.133+0000] {standard_task_runner.py:91} INFO - Job 7: Subtask process_file
[2026-06-20T11:27:20.184+0000] {task_command.py:426} INFO - Running <TaskInstance: s3_to_kafka_dag.process_file manual__2026-06-20T11:18:42+00:00 map_index=1 [running]> on host 6a16ba6b28f7
[2026-06-20T11:27:20.244+0000] {taskinstance.py:2648} INFO - Exporting env vars: AIRFLOW_CTX_DAG_OWNER='rag-team' AIRFLOW_CTX_DAG_ID='s3_to_kafka_dag' AIRFLOW_CTX_TASK_ID='process_file' AIRFLOW_CTX_EXECUTION_DATE='2026-06-20T11:18:42+00:00' AIRFLOW_CTX_TRY_NUMBER='1' AIRFLOW_CTX_DAG_RUN_ID='manual__2026-06-20T11:18:42+00:00'
[2026-06-20T11:27:20.245+0000] {taskinstance.py:430} INFO - ::endgroup::
[2026-06-20T11:27:20.840+0000] {logging_mixin.py:188} INFO - 2026-06-20 11:27:20 [info     ] kafka_message_delivered        doc_id=2d97113e-21d7-4dae-9378-66166af0d7ff offset=0 partition=1 topic=rag.documents.ingest
[2026-06-20T11:27:20.878+0000] {logging_mixin.py:188} INFO - 2026-06-20 11:27:20 [info     ] s3_object_moved                bucket=rag-docs dest_key=done/test_policy.txt__TestCo__legal__20260618T120000.txt src_key=upload/test_policy.txt__TestCo__legal__20260618T120000.txt
[2026-06-20T11:27:20.878+0000] {logging_mixin.py:188} INFO - 2026-06-20 11:27:20 [info     ] file_processed_success         doc_id=2d97113e-21d7-4dae-9378-66166af0d7ff s3_key=upload/test_policy.txt__TestCo__legal__20260618T120000.txt
[2026-06-20T11:27:20.879+0000] {python.py:237} INFO - Done. Returned value was: {'doc_id': '2d97113e-21d7-4dae-9378-66166af0d7ff', 'status': 'published', 's3_key': 'upload/test_policy.txt__TestCo__legal__20260618T120000.txt'}
[2026-06-20T11:27:20.880+0000] {taskinstance.py:441} INFO - ::group::Post task execution logs
[2026-06-20T11:27:20.909+0000] {taskinstance.py:1206} INFO - Marking task as SUCCESS. dag_id=s3_to_kafka_dag, task_id=process_file, run_id=manual__2026-06-20T11:18:42+00:00, map_index=1, execution_date=20260620T111842, start_date=20260620T112720, end_date=20260620T112720
[2026-06-20T11:27:20.928+0000] {local_task_job_runner.py:243} INFO - Task exited with return code 0
[2026-06-20T11:27:20.947+0000] {taskinstance.py:3503} INFO - 1 downstream tasks scheduled from follow-on schedule check
[2026-06-20T11:27:20.948+0000] {local_task_job_runner.py:222} INFO - ::endgroup::
