[2026-06-20T12:10:07.846+0000] {local_task_job_runner.py:120} INFO - ::group::Pre task execution logs
[2026-06-20T12:10:07.860+0000] {taskinstance.py:2076} INFO - Dependencies all met for dep_context=non-requeueable deps ti=<TaskInstance: s3_to_kafka_dag.log_summary manual__2026-06-20T12:09:29+00:00 [None]>
[2026-06-20T12:10:07.860+0000] {taskinstance.py:2076} INFO - Dependencies all met for dep_context=requeueable deps ti=<TaskInstance: s3_to_kafka_dag.log_summary manual__2026-06-20T12:09:29+00:00 [None]>
[2026-06-20T12:10:07.860+0000] {taskinstance.py:2306} INFO - Starting attempt 1 of 4
[2026-06-20T12:10:07.860+0000] {taskinstance.py:2388} WARNING - cannot record queued_duration for task log_summary because previous state change time has not been saved
[2026-06-20T12:10:07.866+0000] {taskinstance.py:2330} INFO - Executing <Task(_PythonDecoratedOperator): log_summary> on 2026-06-20 12:09:29+00:00
[2026-06-20T12:10:07.868+0000] {standard_task_runner.py:64} INFO - Started process 2704 to run task
[2026-06-20T12:10:07.869+0000] {standard_task_runner.py:90} INFO - Running: ['***', 'tasks', 'run', 's3_to_kafka_dag', 'log_summary', 'manual__2026-06-20T12:09:29+00:00', '--job-id', '11', '--raw', '--subdir', 'DAGS_FOLDER/s3_to_kafka_dag.py', '--cfg-path', '/tmp/tmplmw1fi7n']
[2026-06-20T12:10:07.870+0000] {standard_task_runner.py:91} INFO - Job 11: Subtask log_summary
[2026-06-20T12:10:07.895+0000] {task_command.py:426} INFO - Running <TaskInstance: s3_to_kafka_dag.log_summary manual__2026-06-20T12:09:29+00:00 [running]> on host 6a16ba6b28f7
[2026-06-20T12:10:07.956+0000] {taskinstance.py:2648} INFO - Exporting env vars: AIRFLOW_CTX_DAG_OWNER='rag-team' AIRFLOW_CTX_DAG_ID='s3_to_kafka_dag' AIRFLOW_CTX_TASK_ID='log_summary' AIRFLOW_CTX_EXECUTION_DATE='2026-06-20T12:09:29+00:00' AIRFLOW_CTX_TRY_NUMBER='1' AIRFLOW_CTX_DAG_RUN_ID='manual__2026-06-20T12:09:29+00:00'
[2026-06-20T12:10:07.957+0000] {taskinstance.py:430} INFO - ::endgroup::
[2026-06-20T12:10:07.958+0000] {taskinstance.py:441} INFO - ::group::Post task execution logs
[2026-06-20T12:10:07.958+0000] {taskinstance.py:2905} ERROR - Task failed with exception
Traceback (most recent call last):
  File "/home/airflow/.local/lib/python3.12/site-packages/airflow/models/taskinstance.py", line 465, in _execute_task
    result = _execute_callable(context=context, **execute_callable_kwargs)
             ^^^^^^^^^^^^^^^^^^^^^^^^^^^^^^^^^^^^^^^^^^^^^^^^^^^^^^^^^^^^^
  File "/home/airflow/.local/lib/python3.12/site-packages/airflow/models/taskinstance.py", line 432, in _execute_callable
    return execute_callable(context=context, **execute_callable_kwargs)
           ^^^^^^^^^^^^^^^^^^^^^^^^^^^^^^^^^^^^^^^^^^^^^^^^^^^^^^^^^^^^
  File "/home/airflow/.local/lib/python3.12/site-packages/airflow/models/baseoperator.py", line 401, in wrapper
    return func(self, *args, **kwargs)
           ^^^^^^^^^^^^^^^^^^^^^^^^^^^
  File "/home/airflow/.local/lib/python3.12/site-packages/airflow/decorators/base.py", line 265, in execute
    return_value = super().execute(context)
                   ^^^^^^^^^^^^^^^^^^^^^^^^
  File "/home/airflow/.local/lib/python3.12/site-packages/airflow/models/baseoperator.py", line 401, in wrapper
    return func(self, *args, **kwargs)
           ^^^^^^^^^^^^^^^^^^^^^^^^^^^
  File "/home/airflow/.local/lib/python3.12/site-packages/airflow/operators/python.py", line 235, in execute
    return_value = self.execute_callable()
                   ^^^^^^^^^^^^^^^^^^^^^^^
  File "/home/airflow/.local/lib/python3.12/site-packages/airflow/operators/python.py", line 252, in execute_callable
    return self.python_callable(*self.op_args, **self.op_kwargs)
           ^^^^^^^^^^^^^^^^^^^^^^^^^^^^^^^^^^^^^^^^^^^^^^^^^^^^^
  File "/opt/airflow/dags/s3_to_kafka_dag.py", line 106, in log_summary
    published = [r for r in results if r.get("status") == "published"]
                ^^^^^^^^^^^^^^^^^^^^^^^^^^^^^^^^^^^^^^^^^^^^^^^^^^^^^^
TypeError: 'NoneType' object is not iterable
[2026-06-20T12:10:07.970+0000] {taskinstance.py:1206} INFO - Marking task as UP_FOR_RETRY. dag_id=s3_to_kafka_dag, task_id=log_summary, run_id=manual__2026-06-20T12:09:29+00:00, execution_date=20260620T120929, start_date=20260620T121007, end_date=20260620T121007
[2026-06-20T12:10:07.977+0000] {standard_task_runner.py:110} ERROR - Failed to execute job 11 for task log_summary ('NoneType' object is not iterable; 2704)
[2026-06-20T12:10:08.009+0000] {local_task_job_runner.py:243} INFO - Task exited with return code 1
[2026-06-20T12:10:08.023+0000] {taskinstance.py:3503} INFO - 0 downstream tasks scheduled from follow-on schedule check
[2026-06-20T12:10:08.024+0000] {local_task_job_runner.py:222} INFO - ::endgroup::
