[2026-06-20T11:49:44.908+0000] {local_task_job_runner.py:120} INFO - ::group::Pre task execution logs
[2026-06-20T11:49:44.923+0000] {taskinstance.py:2076} INFO - Dependencies all met for dep_context=non-requeueable deps ti=<TaskInstance: s3_to_kafka_dag.process_file manual__2026-06-20T11:39:42+00:00 map_index=0 [scheduled]>
[2026-06-20T11:49:44.923+0000] {taskinstance.py:2076} INFO - Dependencies all met for dep_context=requeueable deps ti=<TaskInstance: s3_to_kafka_dag.process_file manual__2026-06-20T11:39:42+00:00 map_index=0 [scheduled]>
[2026-06-20T11:49:44.923+0000] {taskinstance.py:2306} INFO - Starting attempt 1 of 4
[2026-06-20T11:49:44.923+0000] {taskinstance.py:2388} WARNING - cannot record queued_duration for task process_file because previous state change time has not been saved
[2026-06-20T11:49:44.930+0000] {taskinstance.py:2330} INFO - Executing <Mapped(_PythonDecoratedOperator): process_file> on 2026-06-20 11:39:42+00:00
[2026-06-20T11:49:44.932+0000] {standard_task_runner.py:64} INFO - Started process 2447 to run task
[2026-06-20T11:49:44.935+0000] {standard_task_runner.py:90} INFO - Running: ['***', 'tasks', 'run', 's3_to_kafka_dag', 'process_file', 'manual__2026-06-20T11:39:42+00:00', '--job-id', '9', '--raw', '--subdir', 'DAGS_FOLDER/s3_to_kafka_dag.py', '--cfg-path', '/tmp/tmpaez7irhn', '--map-index', '0']
[2026-06-20T11:49:44.936+0000] {standard_task_runner.py:91} INFO - Job 9: Subtask process_file
[2026-06-20T11:49:44.974+0000] {task_command.py:426} INFO - Running <TaskInstance: s3_to_kafka_dag.process_file manual__2026-06-20T11:39:42+00:00 map_index=0 [running]> on host 6a16ba6b28f7
[2026-06-20T11:49:45.056+0000] {taskinstance.py:2648} INFO - Exporting env vars: AIRFLOW_CTX_DAG_OWNER='rag-team' AIRFLOW_CTX_DAG_ID='s3_to_kafka_dag' AIRFLOW_CTX_TASK_ID='process_file' AIRFLOW_CTX_EXECUTION_DATE='2026-06-20T11:39:42+00:00' AIRFLOW_CTX_TRY_NUMBER='1' AIRFLOW_CTX_DAG_RUN_ID='manual__2026-06-20T11:39:42+00:00'
[2026-06-20T11:49:45.057+0000] {taskinstance.py:430} INFO - ::endgroup::
[2026-06-20T11:49:45.660+0000] {logging_mixin.py:188} INFO - 2026-06-20 11:49:45 [info     ] kafka_message_delivered        doc_id=8112b479-bcb1-4ae7-874b-0000c2f3fb91 offset=1 partition=1 topic=rag.documents.ingest
[2026-06-20T11:49:45.711+0000] {logging_mixin.py:188} INFO - 2026-06-20 11:49:45 [info     ] s3_object_moved                bucket=rag-docs dest_key=done/data.xyz__TestCo__test__20260618T130000.xyz src_key=upload/data.xyz__TestCo__test__20260618T130000.xyz
[2026-06-20T11:49:45.712+0000] {logging_mixin.py:188} INFO - 2026-06-20 11:49:45 [info     ] file_processed_success         doc_id=8112b479-bcb1-4ae7-874b-0000c2f3fb91 s3_key=upload/data.xyz__TestCo__test__20260618T130000.xyz
[2026-06-20T11:49:45.713+0000] {python.py:237} INFO - Done. Returned value was: {'doc_id': '8112b479-bcb1-4ae7-874b-0000c2f3fb91', 'status': 'published', 's3_key': 'upload/data.xyz__TestCo__test__20260618T130000.xyz'}
[2026-06-20T11:49:45.713+0000] {taskinstance.py:441} INFO - ::group::Post task execution logs
[2026-06-20T11:49:45.753+0000] {taskinstance.py:1206} INFO - Marking task as SUCCESS. dag_id=s3_to_kafka_dag, task_id=process_file, run_id=manual__2026-06-20T11:39:42+00:00, map_index=0, execution_date=20260620T113942, start_date=20260620T114944, end_date=20260620T114945
[2026-06-20T11:49:45.779+0000] {local_task_job_runner.py:243} INFO - Task exited with return code 0
[2026-06-20T11:49:45.797+0000] {taskinstance.py:3503} INFO - 1 downstream tasks scheduled from follow-on schedule check
[2026-06-20T11:49:45.798+0000] {local_task_job_runner.py:222} INFO - ::endgroup::
