[2026-06-22T06:35:00.525+0000] {local_task_job_runner.py:120} INFO - ::group::Pre task execution logs
[2026-06-22T06:35:00.560+0000] {taskinstance.py:2076} INFO - Dependencies all met for dep_context=non-requeueable deps ti=<TaskInstance: s3_to_kafka_dag.list_new_files scheduled__2026-06-22T06:30:00+00:00 [queued]>
[2026-06-22T06:35:00.564+0000] {taskinstance.py:2076} INFO - Dependencies all met for dep_context=requeueable deps ti=<TaskInstance: s3_to_kafka_dag.list_new_files scheduled__2026-06-22T06:30:00+00:00 [queued]>
[2026-06-22T06:35:00.564+0000] {taskinstance.py:2306} INFO - Starting attempt 1 of 4
[2026-06-22T06:35:00.571+0000] {taskinstance.py:2330} INFO - Executing <Task(_PythonDecoratedOperator): list_new_files> on 2026-06-22 06:30:00+00:00
[2026-06-22T06:35:00.583+0000] {standard_task_runner.py:90} INFO - Running: ['***', 'tasks', 'run', 's3_to_kafka_dag', 'list_new_files', 'scheduled__2026-06-22T06:30:00+00:00', '--job-id', '25', '--raw', '--subdir', 'DAGS_FOLDER/s3_to_kafka_dag.py', '--cfg-path', '/tmp/tmp30pa_wqs']
[2026-06-22T06:35:00.586+0000] {logging_mixin.py:188} WARNING - /home/***/.local/lib/python3.12/site-packages/***/task/task_runner/standard_task_runner.py:62 DeprecationWarning: This process (pid=5705) is multi-threaded, use of fork() may lead to deadlocks in the child.
[2026-06-22T06:35:00.586+0000] {standard_task_runner.py:64} INFO - Started process 5706 to run task
[2026-06-22T06:35:00.586+0000] {standard_task_runner.py:91} INFO - Job 25: Subtask list_new_files
[2026-06-22T06:35:00.639+0000] {task_command.py:426} INFO - Running <TaskInstance: s3_to_kafka_dag.list_new_files scheduled__2026-06-22T06:30:00+00:00 [running]> on host 6a16ba6b28f7
[2026-06-22T06:35:00.718+0000] {taskinstance.py:2648} INFO - Exporting env vars: AIRFLOW_CTX_DAG_OWNER='rag-team' AIRFLOW_CTX_DAG_ID='s3_to_kafka_dag' AIRFLOW_CTX_TASK_ID='list_new_files' AIRFLOW_CTX_EXECUTION_DATE='2026-06-22T06:30:00+00:00' AIRFLOW_CTX_TRY_NUMBER='1' AIRFLOW_CTX_DAG_RUN_ID='scheduled__2026-06-22T06:30:00+00:00'
[2026-06-22T06:35:00.722+0000] {taskinstance.py:430} INFO - ::endgroup::
[2026-06-22T06:35:00.856+0000] {logging_mixin.py:188} INFO - 2026-06-22 06:35:00 [info     ] files_discovered               count=0 dag_run_id=scheduled__2026-06-22T06:30:00+00:00
[2026-06-22T06:35:00.857+0000] {python.py:237} INFO - Done. Returned value was: []
[2026-06-22T06:35:00.857+0000] {taskinstance.py:441} INFO - ::group::Post task execution logs
[2026-06-22T06:35:00.886+0000] {taskinstance.py:1206} INFO - Marking task as SUCCESS. dag_id=s3_to_kafka_dag, task_id=list_new_files, run_id=scheduled__2026-06-22T06:30:00+00:00, execution_date=20260622T063000, start_date=20260622T063500, end_date=20260622T063500
[2026-06-22T06:35:00.900+0000] {local_task_job_runner.py:243} INFO - Task exited with return code 0
[2026-06-22T06:35:00.932+0000] {abstractoperator.py:588} INFO - Marking <TaskInstance: s3_to_kafka_dag.process_file scheduled__2026-06-22T06:30:00+00:00 [None]> as SKIPPED since the map has 0 values to expand
[2026-06-22T06:35:00.940+0000] {taskinstance.py:3503} INFO - 0 downstream tasks scheduled from follow-on schedule check
[2026-06-22T06:35:00.940+0000] {local_task_job_runner.py:222} INFO - ::endgroup::
