[2026-06-20T12:09:42.045+0000] {local_task_job_runner.py:120} INFO - ::group::Pre task execution logs
[2026-06-20T12:09:42.059+0000] {taskinstance.py:2076} INFO - Dependencies all met for dep_context=non-requeueable deps ti=<TaskInstance: s3_to_kafka_dag.list_new_files manual__2026-06-20T12:09:29+00:00 [None]>
[2026-06-20T12:09:42.060+0000] {taskinstance.py:2076} INFO - Dependencies all met for dep_context=requeueable deps ti=<TaskInstance: s3_to_kafka_dag.list_new_files manual__2026-06-20T12:09:29+00:00 [None]>
[2026-06-20T12:09:42.060+0000] {taskinstance.py:2306} INFO - Starting attempt 1 of 4
[2026-06-20T12:09:42.060+0000] {taskinstance.py:2388} WARNING - cannot record queued_duration for task list_new_files because previous state change time has not been saved
[2026-06-20T12:09:42.066+0000] {taskinstance.py:2330} INFO - Executing <Task(_PythonDecoratedOperator): list_new_files> on 2026-06-20 12:09:29+00:00
[2026-06-20T12:09:42.068+0000] {standard_task_runner.py:64} INFO - Started process 2679 to run task
[2026-06-20T12:09:42.069+0000] {standard_task_runner.py:90} INFO - Running: ['***', 'tasks', 'run', 's3_to_kafka_dag', 'list_new_files', 'manual__2026-06-20T12:09:29+00:00', '--job-id', '10', '--raw', '--subdir', 'DAGS_FOLDER/s3_to_kafka_dag.py', '--cfg-path', '/tmp/tmp0zfonwv9']
[2026-06-20T12:09:42.070+0000] {standard_task_runner.py:91} INFO - Job 10: Subtask list_new_files
[2026-06-20T12:09:42.105+0000] {task_command.py:426} INFO - Running <TaskInstance: s3_to_kafka_dag.list_new_files manual__2026-06-20T12:09:29+00:00 [running]> on host 6a16ba6b28f7
[2026-06-20T12:09:42.153+0000] {taskinstance.py:2648} INFO - Exporting env vars: AIRFLOW_CTX_DAG_OWNER='rag-team' AIRFLOW_CTX_DAG_ID='s3_to_kafka_dag' AIRFLOW_CTX_TASK_ID='list_new_files' AIRFLOW_CTX_EXECUTION_DATE='2026-06-20T12:09:29+00:00' AIRFLOW_CTX_TRY_NUMBER='1' AIRFLOW_CTX_DAG_RUN_ID='manual__2026-06-20T12:09:29+00:00'
[2026-06-20T12:09:42.154+0000] {taskinstance.py:430} INFO - ::endgroup::
[2026-06-20T12:09:42.288+0000] {logging_mixin.py:188} INFO - 2026-06-20 12:09:42 [info     ] files_discovered               count=0 dag_run_id=manual__2026-06-20T12:09:29+00:00
[2026-06-20T12:09:42.289+0000] {python.py:237} INFO - Done. Returned value was: []
[2026-06-20T12:09:42.289+0000] {taskinstance.py:441} INFO - ::group::Post task execution logs
[2026-06-20T12:09:42.343+0000] {taskinstance.py:1206} INFO - Marking task as SUCCESS. dag_id=s3_to_kafka_dag, task_id=list_new_files, run_id=manual__2026-06-20T12:09:29+00:00, execution_date=20260620T120929, start_date=20260620T120942, end_date=20260620T120942
[2026-06-20T12:09:42.378+0000] {local_task_job_runner.py:243} INFO - Task exited with return code 0
[2026-06-20T12:09:42.406+0000] {abstractoperator.py:588} INFO - Marking <TaskInstance: s3_to_kafka_dag.process_file manual__2026-06-20T12:09:29+00:00 [None]> as SKIPPED since the map has 0 values to expand
[2026-06-20T12:09:42.420+0000] {taskinstance.py:3503} INFO - 0 downstream tasks scheduled from follow-on schedule check
[2026-06-20T12:09:42.421+0000] {local_task_job_runner.py:222} INFO - ::endgroup::
