[2026-06-22T06:57:46.577+0000] {local_task_job_runner.py:120} INFO - ::group::Pre task execution logs
[2026-06-22T06:57:46.599+0000] {taskinstance.py:2076} INFO - Dependencies all met for dep_context=non-requeueable deps ti=<TaskInstance: s3_to_kafka_dag.process_file manual__2026-06-22T06:57:45+00:00 map_index=0 [queued]>
[2026-06-22T06:57:46.603+0000] {taskinstance.py:2076} INFO - Dependencies all met for dep_context=requeueable deps ti=<TaskInstance: s3_to_kafka_dag.process_file manual__2026-06-22T06:57:45+00:00 map_index=0 [queued]>
[2026-06-22T06:57:46.603+0000] {taskinstance.py:2306} INFO - Starting attempt 1 of 4
[2026-06-22T06:57:46.609+0000] {taskinstance.py:2330} INFO - Executing <Mapped(_PythonDecoratedOperator): process_file> on 2026-06-22 06:57:45+00:00
[2026-06-22T06:57:46.613+0000] {standard_task_runner.py:90} INFO - Running: ['***', 'tasks', 'run', 's3_to_kafka_dag', 'process_file', 'manual__2026-06-22T06:57:45+00:00', '--job-id', '34', '--raw', '--subdir', 'DAGS_FOLDER/s3_to_kafka_dag.py', '--cfg-path', '/tmp/tmpvzoontjj', '--map-index', '0']
[2026-06-22T06:57:46.615+0000] {standard_task_runner.py:91} INFO - Job 34: Subtask process_file
[2026-06-22T06:57:46.615+0000] {logging_mixin.py:188} WARNING - /home/***/.local/lib/python3.12/site-packages/***/task/task_runner/standard_task_runner.py:62 DeprecationWarning: This process (pid=5978) is multi-threaded, use of fork() may lead to deadlocks in the child.
[2026-06-22T06:57:46.616+0000] {standard_task_runner.py:64} INFO - Started process 5979 to run task
[2026-06-22T06:57:46.643+0000] {task_command.py:426} INFO - Running <TaskInstance: s3_to_kafka_dag.process_file manual__2026-06-22T06:57:45+00:00 map_index=0 [running]> on host 6a16ba6b28f7
[2026-06-22T06:57:46.696+0000] {taskinstance.py:2648} INFO - Exporting env vars: AIRFLOW_CTX_DAG_OWNER='rag-team' AIRFLOW_CTX_DAG_ID='s3_to_kafka_dag' AIRFLOW_CTX_TASK_ID='process_file' AIRFLOW_CTX_EXECUTION_DATE='2026-06-22T06:57:45+00:00' AIRFLOW_CTX_TRY_NUMBER='1' AIRFLOW_CTX_DAG_RUN_ID='manual__2026-06-22T06:57:45+00:00'
[2026-06-22T06:57:46.697+0000] {taskinstance.py:430} INFO - ::endgroup::
[2026-06-22T06:57:46.762+0000] {logging_mixin.py:188} INFO - 2026-06-22 06:57:46 [info     ] s3_object_moved                bucket=rag-docs dest_key=done/it_security_policy_v2.txt__TechCorp__it__20260622T130000.txt src_key=upload/it_security_policy_v2.txt__TechCorp__it__20260622T130000.txt
[2026-06-22T06:57:47.278+0000] {logging_mixin.py:188} INFO - 2026-06-22 06:57:47 [info     ] kafka_message_delivered        doc_id=3f06a56f-0a4d-495c-bffb-ed88f9414436 offset=5 partition=0 topic=rag.documents.ingest
[2026-06-22T06:57:47.280+0000] {logging_mixin.py:188} INFO - 2026-06-22 06:57:47 [info     ] file_processed_success         doc_id=3f06a56f-0a4d-495c-bffb-ed88f9414436 s3_key=done/it_security_policy_v2.txt__TechCorp__it__20260622T130000.txt
[2026-06-22T06:57:47.286+0000] {python.py:237} INFO - Done. Returned value was: {'doc_id': '3f06a56f-0a4d-495c-bffb-ed88f9414436', 'status': 'published', 's3_key': 'done/it_security_policy_v2.txt__TechCorp__it__20260622T130000.txt'}
[2026-06-22T06:57:47.287+0000] {taskinstance.py:441} INFO - ::group::Post task execution logs
[2026-06-22T06:57:47.346+0000] {taskinstance.py:1206} INFO - Marking task as SUCCESS. dag_id=s3_to_kafka_dag, task_id=process_file, run_id=manual__2026-06-22T06:57:45+00:00, map_index=0, execution_date=20260622T065745, start_date=20260622T065746, end_date=20260622T065747
[2026-06-22T06:57:47.384+0000] {local_task_job_runner.py:243} INFO - Task exited with return code 0
[2026-06-22T06:57:47.407+0000] {taskinstance.py:3503} INFO - 1 downstream tasks scheduled from follow-on schedule check
[2026-06-22T06:57:47.408+0000] {local_task_job_runner.py:222} INFO - ::endgroup::
