[2026-06-22T06:30:09.130+0000] {local_task_job_runner.py:120} INFO - ::group::Pre task execution logs
[2026-06-22T06:30:09.234+0000] {taskinstance.py:2076} INFO - Dependencies all met for dep_context=non-requeueable deps ti=<TaskInstance: s3_to_kafka_dag.process_file manual__2026-06-22T06:22:24+00:00 map_index=0 [queued]>
[2026-06-22T06:30:09.241+0000] {taskinstance.py:2076} INFO - Dependencies all met for dep_context=requeueable deps ti=<TaskInstance: s3_to_kafka_dag.process_file manual__2026-06-22T06:22:24+00:00 map_index=0 [queued]>
[2026-06-22T06:30:09.242+0000] {taskinstance.py:2306} INFO - Starting attempt 1 of 4
[2026-06-22T06:30:09.253+0000] {taskinstance.py:2330} INFO - Executing <Mapped(_PythonDecoratedOperator): process_file> on 2026-06-22 06:22:24+00:00
[2026-06-22T06:30:09.275+0000] {standard_task_runner.py:90} INFO - Running: ['***', 'tasks', 'run', 's3_to_kafka_dag', 'process_file', 'manual__2026-06-22T06:22:24+00:00', '--job-id', '18', '--raw', '--subdir', 'DAGS_FOLDER/s3_to_kafka_dag.py', '--cfg-path', '/tmp/tmpv6m6rakz', '--map-index', '0']
[2026-06-22T06:30:09.277+0000] {standard_task_runner.py:91} INFO - Job 18: Subtask process_file
[2026-06-22T06:30:09.274+0000] {logging_mixin.py:188} WARNING - /home/***/.local/lib/python3.12/site-packages/***/task/task_runner/standard_task_runner.py:62 DeprecationWarning: This process (pid=5480) is multi-threaded, use of fork() may lead to deadlocks in the child.
[2026-06-22T06:30:09.280+0000] {standard_task_runner.py:64} INFO - Started process 5488 to run task
[2026-06-22T06:30:09.342+0000] {task_command.py:426} INFO - Running <TaskInstance: s3_to_kafka_dag.process_file manual__2026-06-22T06:22:24+00:00 map_index=0 [running]> on host 6a16ba6b28f7
[2026-06-22T06:30:09.425+0000] {taskinstance.py:2648} INFO - Exporting env vars: AIRFLOW_CTX_DAG_OWNER='rag-team' AIRFLOW_CTX_DAG_ID='s3_to_kafka_dag' AIRFLOW_CTX_TASK_ID='process_file' AIRFLOW_CTX_EXECUTION_DATE='2026-06-22T06:22:24+00:00' AIRFLOW_CTX_TRY_NUMBER='1' AIRFLOW_CTX_DAG_RUN_ID='manual__2026-06-22T06:22:24+00:00'
[2026-06-22T06:30:09.426+0000] {taskinstance.py:430} INFO - ::endgroup::
[2026-06-22T06:30:10.119+0000] {logging_mixin.py:188} INFO - 2026-06-22 06:30:10 [info     ] kafka_message_delivered        doc_id=0c02595e-bf39-4ef1-857b-6cfebf8b4afe offset=2 partition=0 topic=rag.documents.ingest
[2026-06-22T06:30:10.224+0000] {logging_mixin.py:188} INFO - 2026-06-22 06:30:10 [info     ] s3_object_moved                bucket=rag-docs dest_key=done/benefits_guide.txt__TechCorp__hr__20260618T150000.txt src_key=upload/benefits_guide.txt__TechCorp__hr__20260618T150000.txt
[2026-06-22T06:30:10.225+0000] {logging_mixin.py:188} INFO - 2026-06-22 06:30:10 [info     ] file_processed_success         doc_id=0c02595e-bf39-4ef1-857b-6cfebf8b4afe s3_key=upload/benefits_guide.txt__TechCorp__hr__20260618T150000.txt
[2026-06-22T06:30:10.229+0000] {python.py:237} INFO - Done. Returned value was: {'doc_id': '0c02595e-bf39-4ef1-857b-6cfebf8b4afe', 'status': 'published', 's3_key': 'upload/benefits_guide.txt__TechCorp__hr__20260618T150000.txt'}
[2026-06-22T06:30:10.230+0000] {taskinstance.py:441} INFO - ::group::Post task execution logs
[2026-06-22T06:30:10.270+0000] {taskinstance.py:1206} INFO - Marking task as SUCCESS. dag_id=s3_to_kafka_dag, task_id=process_file, run_id=manual__2026-06-22T06:22:24+00:00, map_index=0, execution_date=20260622T062224, start_date=20260622T063009, end_date=20260622T063010
[2026-06-22T06:30:10.301+0000] {local_task_job_runner.py:243} INFO - Task exited with return code 0
[2026-06-22T06:30:10.335+0000] {taskinstance.py:3503} INFO - 1 downstream tasks scheduled from follow-on schedule check
[2026-06-22T06:30:10.336+0000] {local_task_job_runner.py:222} INFO - ::endgroup::
