[2026-06-22T07:00:00.623+0000] {local_task_job_runner.py:120} INFO - ::group::Pre task execution logs
[2026-06-22T07:00:00.651+0000] {taskinstance.py:2076} INFO - Dependencies all met for dep_context=non-requeueable deps ti=<TaskInstance: s3_to_kafka_dag.list_new_files scheduled__2026-06-22T06:55:00+00:00 [queued]>
[2026-06-22T07:00:00.655+0000] {taskinstance.py:2076} INFO - Dependencies all met for dep_context=requeueable deps ti=<TaskInstance: s3_to_kafka_dag.list_new_files scheduled__2026-06-22T06:55:00+00:00 [queued]>
[2026-06-22T07:00:00.655+0000] {taskinstance.py:2306} INFO - Starting attempt 1 of 4
[2026-06-22T07:00:00.662+0000] {taskinstance.py:2330} INFO - Executing <Task(_PythonDecoratedOperator): list_new_files> on 2026-06-22 06:55:00+00:00
[2026-06-22T07:00:00.668+0000] {standard_task_runner.py:90} INFO - Running: ['***', 'tasks', 'run', 's3_to_kafka_dag', 'list_new_files', 'scheduled__2026-06-22T06:55:00+00:00', '--job-id', '36', '--raw', '--subdir', 'DAGS_FOLDER/s3_to_kafka_dag.py', '--cfg-path', '/tmp/tmpznf6w9e5']
[2026-06-22T07:00:00.672+0000] {standard_task_runner.py:91} INFO - Job 36: Subtask list_new_files
[2026-06-22T07:00:00.672+0000] {logging_mixin.py:188} WARNING - /home/***/.local/lib/python3.12/site-packages/***/task/task_runner/standard_task_runner.py:62 DeprecationWarning: This process (pid=6006) is multi-threaded, use of fork() may lead to deadlocks in the child.
[2026-06-22T07:00:00.674+0000] {standard_task_runner.py:64} INFO - Started process 6007 to run task
[2026-06-22T07:00:00.719+0000] {task_command.py:426} INFO - Running <TaskInstance: s3_to_kafka_dag.list_new_files scheduled__2026-06-22T06:55:00+00:00 [running]> on host 6a16ba6b28f7
[2026-06-22T07:00:00.782+0000] {taskinstance.py:2648} INFO - Exporting env vars: AIRFLOW_CTX_DAG_OWNER='rag-team' AIRFLOW_CTX_DAG_ID='s3_to_kafka_dag' AIRFLOW_CTX_TASK_ID='list_new_files' AIRFLOW_CTX_EXECUTION_DATE='2026-06-22T06:55:00+00:00' AIRFLOW_CTX_TRY_NUMBER='1' AIRFLOW_CTX_DAG_RUN_ID='scheduled__2026-06-22T06:55:00+00:00'
[2026-06-22T07:00:00.783+0000] {taskinstance.py:430} INFO - ::endgroup::
[2026-06-22T07:00:00.890+0000] {logging_mixin.py:188} INFO - 2026-06-22 07:00:00 [info     ] files_discovered               count=0 dag_run_id=scheduled__2026-06-22T06:55:00+00:00
[2026-06-22T07:00:00.891+0000] {python.py:237} INFO - Done. Returned value was: []
[2026-06-22T07:00:00.891+0000] {taskinstance.py:441} INFO - ::group::Post task execution logs
[2026-06-22T07:00:00.924+0000] {taskinstance.py:1206} INFO - Marking task as SUCCESS. dag_id=s3_to_kafka_dag, task_id=list_new_files, run_id=scheduled__2026-06-22T06:55:00+00:00, execution_date=20260622T065500, start_date=20260622T070000, end_date=20260622T070000
[2026-06-22T07:00:00.984+0000] {local_task_job_runner.py:243} INFO - Task exited with return code 0
[2026-06-22T07:00:01.010+0000] {abstractoperator.py:588} INFO - Marking <TaskInstance: s3_to_kafka_dag.process_file scheduled__2026-06-22T06:55:00+00:00 [None]> as SKIPPED since the map has 0 values to expand
[2026-06-22T07:00:01.015+0000] {taskinstance.py:3503} INFO - 0 downstream tasks scheduled from follow-on schedule check
[2026-06-22T07:00:01.016+0000] {local_task_job_runner.py:222} INFO - ::endgroup::
