[2026-06-22T06:33:54.776+0000] {local_task_job_runner.py:120} INFO - ::group::Pre task execution logs
[2026-06-22T06:33:54.796+0000] {taskinstance.py:2076} INFO - Dependencies all met for dep_context=non-requeueable deps ti=<TaskInstance: s3_to_kafka_dag.process_file manual__2026-06-22T06:33:53+00:00 map_index=0 [queued]>
[2026-06-22T06:33:54.800+0000] {taskinstance.py:2076} INFO - Dependencies all met for dep_context=requeueable deps ti=<TaskInstance: s3_to_kafka_dag.process_file manual__2026-06-22T06:33:53+00:00 map_index=0 [queued]>
[2026-06-22T06:33:54.800+0000] {taskinstance.py:2306} INFO - Starting attempt 1 of 4
[2026-06-22T06:33:54.805+0000] {taskinstance.py:2330} INFO - Executing <Mapped(_PythonDecoratedOperator): process_file> on 2026-06-22 06:33:53+00:00
[2026-06-22T06:33:54.810+0000] {standard_task_runner.py:90} INFO - Running: ['***', 'tasks', 'run', 's3_to_kafka_dag', 'process_file', 'manual__2026-06-22T06:33:53+00:00', '--job-id', '23', '--raw', '--subdir', 'DAGS_FOLDER/s3_to_kafka_dag.py', '--cfg-path', '/tmp/tmplaugv89u', '--map-index', '0']
[2026-06-22T06:33:54.811+0000] {standard_task_runner.py:91} INFO - Job 23: Subtask process_file
[2026-06-22T06:33:54.811+0000] {logging_mixin.py:188} WARNING - /home/***/.local/lib/python3.12/site-packages/***/task/task_runner/standard_task_runner.py:62 DeprecationWarning: This process (pid=5687) is multi-threaded, use of fork() may lead to deadlocks in the child.
[2026-06-22T06:33:54.812+0000] {standard_task_runner.py:64} INFO - Started process 5688 to run task
[2026-06-22T06:33:54.843+0000] {task_command.py:426} INFO - Running <TaskInstance: s3_to_kafka_dag.process_file manual__2026-06-22T06:33:53+00:00 map_index=0 [running]> on host 6a16ba6b28f7
[2026-06-22T06:33:54.893+0000] {taskinstance.py:2648} INFO - Exporting env vars: AIRFLOW_CTX_DAG_OWNER='rag-team' AIRFLOW_CTX_DAG_ID='s3_to_kafka_dag' AIRFLOW_CTX_TASK_ID='process_file' AIRFLOW_CTX_EXECUTION_DATE='2026-06-22T06:33:53+00:00' AIRFLOW_CTX_TRY_NUMBER='1' AIRFLOW_CTX_DAG_RUN_ID='manual__2026-06-22T06:33:53+00:00'
[2026-06-22T06:33:54.894+0000] {taskinstance.py:430} INFO - ::endgroup::
[2026-06-22T06:33:54.975+0000] {logging_mixin.py:188} INFO - 2026-06-22 06:33:54 [info     ] s3_object_moved                bucket=rag-docs dest_key=done/it_security_policy.txt__TechCorp__it__20260622T120000.txt src_key=upload/it_security_policy.txt__TechCorp__it__20260622T120000.txt
[2026-06-22T06:33:55.504+0000] {logging_mixin.py:188} INFO - 2026-06-22 06:33:55 [info     ] kafka_message_delivered        doc_id=401f13e6-ba7b-44bf-84bf-5653a9f2dcb9 offset=3 partition=0 topic=rag.documents.ingest
[2026-06-22T06:33:55.506+0000] {logging_mixin.py:188} INFO - 2026-06-22 06:33:55 [info     ] file_processed_success         doc_id=401f13e6-ba7b-44bf-84bf-5653a9f2dcb9 s3_key=done/it_security_policy.txt__TechCorp__it__20260622T120000.txt
[2026-06-22T06:33:55.510+0000] {python.py:237} INFO - Done. Returned value was: {'doc_id': '401f13e6-ba7b-44bf-84bf-5653a9f2dcb9', 'status': 'published', 's3_key': 'done/it_security_policy.txt__TechCorp__it__20260622T120000.txt'}
[2026-06-22T06:33:55.512+0000] {taskinstance.py:441} INFO - ::group::Post task execution logs
[2026-06-22T06:33:55.613+0000] {taskinstance.py:1206} INFO - Marking task as SUCCESS. dag_id=s3_to_kafka_dag, task_id=process_file, run_id=manual__2026-06-22T06:33:53+00:00, map_index=0, execution_date=20260622T063353, start_date=20260622T063354, end_date=20260622T063355
[2026-06-22T06:33:55.651+0000] {local_task_job_runner.py:243} INFO - Task exited with return code 0
[2026-06-22T06:33:55.703+0000] {taskinstance.py:3503} INFO - 1 downstream tasks scheduled from follow-on schedule check
[2026-06-22T06:33:55.705+0000] {local_task_job_runner.py:222} INFO - ::endgroup::
